<?xml version="1.0" encoding="UTF-8"?>
<!-- Generated by org.testng.reporters.JUnitXMLReporter -->
<testsuite ignored="1" hostname="MacBook-Pro.local" failures="0" tests="1" name="Default test" time="9.549" errors="0" timestamp="2025-06-28T10:52:43 IST">
  <testcase classname="com.skillio.testcases.HomePageTests" name="verifyOneStopFilterForFlightsUsingPOM" time="2.389"/>
  <testcase classname="com.skillio.testcases.HomePageTests" name="verifyOneStopFilterForFlightsUsingKeywords" time="0.0">
    <ignored/>
  </testcase> <!-- verifyOneStopFilterForFlightsUsingKeywords -->
</testsuite> <!-- Default test -->
