<?xml version="1.0" encoding="UTF-8"?>
<!-- Generated by org.testng.reporters.JUnitXMLReporter -->
<testsuite ignored="1" hostname="MacBook-Pro.local" failures="0" tests="1" name="firefox-test" time="11.037" errors="0" timestamp="2025-06-18T07:44:44 IST">
  <testcase classname="com.datadriventesting.MyDataDrivenTest" name="verifyIfProductIsNotDeliverableInArea" time="11.017"/>
  <testcase classname="com.datadriventesting.MyDataDrivenTest" name="verifyIfProductIsDeliverableInArea" time="0.0">
    <ignored/>
  </testcase> <!-- verifyIfProductIsDeliverableInArea -->
</testsuite> <!-- firefox-test -->
