<?xml version="1.0" encoding="UTF-8"?>
<!-- Generated by org.testng.reporters.JUnitXMLReporter -->
<testsuite ignored="0" hostname="MacBook-Pro.local" failures="0" tests="3" name="Test" time="0.181" errors="0" timestamp="2025-06-07T08:51:07 IST">
  <testcase classname="com.frameworktests.MyTestCases" name="m1" time="0.013"/>
  <testcase classname="com.frameworktests.MyTestCases" name="m2" time="0.002"/>
  <testcase classname="com.frameworktests.MyTestCases" name="m3" time="0.002"/>
</testsuite> <!-- Test -->
