<?xml version="1.0" encoding="UTF-8"?>
<!-- Generated by org.testng.reporters.JUnitXMLReporter -->
<testsuite ignored="1" hostname="MacBook-Pro.local" failures="0" tests="1" name="Test1" time="0.18" errors="0" timestamp="2025-06-15T11:08:57 IST">
  <testcase classname="com.datadriventesting.MyDataDrivenTest" name="verifyIfProductIsNotDeliverableInArea" time="0.02"/>
  <testcase classname="com.datadriventesting.MyDataDrivenTest" name="verifyIfProductIsDeliverableInArea" time="0.0">
    <ignored/>
  </testcase> <!-- verifyIfProductIsDeliverableInArea -->
</testsuite> <!-- Test1 -->
