<?xml version="1.0" encoding="UTF-8"?>
<testng-results ignored="0" total="1" passed="1" failed="0" skipped="0">
  <reporter-output>
  </reporter-output>
  <suite started-at="2025-06-28T10:52:34 IST" name="Default suite" finished-at="2025-06-28T10:52:43 IST" duration-ms="9549">
    <groups>
    </groups>
    <test started-at="2025-06-28T10:52:34 IST" name="Default test" finished-at="2025-06-28T10:52:43 IST" duration-ms="9549">
      <class name="com.skillio.testcases.HomePageTests">
        <test-method is-config="true" signature="launchBrowser()[pri:0, instance:com.skillio.testcases.HomePageTests@6574a52c]" started-at="2025-06-28T10:52:34 IST" name="launchBrowser" finished-at="2025-06-28T10:52:41 IST" duration-ms="7012" status="PASS">
          <reporter-output>
          </reporter-output>
        </test-method> <!-- launchBrowser -->
        <test-method signature="verifyOneStopFilterForFlightsUsingPOM()[pri:0, instance:com.skillio.testcases.HomePageTests@6574a52c]" started-at="2025-06-28T10:52:41 IST" name="verifyOneStopFilterForFlightsUsingPOM" finished-at="2025-06-28T10:52:43 IST" duration-ms="2389" status="PASS">
          <reporter-output>
          </reporter-output>
        </test-method> <!-- verifyOneStopFilterForFlightsUsingPOM -->
      </class> <!-- com.skillio.testcases.HomePageTests -->
    </test> <!-- Default test -->
  </suite> <!-- Default suite -->
</testng-results>
